{"/Users/krasotun/Documents/develop/frontend-project-46/src/comparer.js": {"path":"/Users/krasotun/Documents/develop/frontend-project-46/src/comparer.js","all":false,"statementMap":{"0":{"start":{"line":1,"column":0},"end":{"line":1,"column":74}},"1":{"start":{"line":2,"column":0},"end":{"line":2,"column":0}},"2":{"start":{"line":3,"column":0},"end":{"line":3,"column":38}},"3":{"start":{"line":4,"column":0},"end":{"line":4,"column":20}},"4":{"start":{"line":5,"column":0},"end":{"line":5,"column":0}},"5":{"start":{"line":6,"column":0},"end":{"line":6,"column":43}},"6":{"start":{"line":7,"column":0},"end":{"line":7,"column":43}},"7":{"start":{"line":8,"column":0},"end":{"line":8,"column":0}},"8":{"start":{"line":9,"column":0},"end":{"line":9,"column":32}},"9":{"start":{"line":10,"column":0},"end":{"line":10,"column":38}},"10":{"start":{"line":11,"column":0},"end":{"line":11,"column":42}},"11":{"start":{"line":12,"column":0},"end":{"line":12,"column":60}},"12":{"start":{"line":13,"column":0},"end":{"line":13,"column":14}},"13":{"start":{"line":14,"column":0},"end":{"line":14,"column":60}},"14":{"start":{"line":15,"column":0},"end":{"line":15,"column":60}},"15":{"start":{"line":16,"column":0},"end":{"line":16,"column":7}},"16":{"start":{"line":17,"column":0},"end":{"line":17,"column":12}},"17":{"start":{"line":18,"column":0},"end":{"line":18,"column":58}},"18":{"start":{"line":19,"column":0},"end":{"line":19,"column":5}},"19":{"start":{"line":20,"column":0},"end":{"line":20,"column":5}},"20":{"start":{"line":21,"column":0},"end":{"line":21,"column":0}},"21":{"start":{"line":22,"column":0},"end":{"line":22,"column":32}},"22":{"start":{"line":23,"column":0},"end":{"line":23,"column":39}},"23":{"start":{"line":24,"column":0},"end":{"line":24,"column":58}},"24":{"start":{"line":25,"column":0},"end":{"line":25,"column":5}},"25":{"start":{"line":26,"column":0},"end":{"line":26,"column":5}},"26":{"start":{"line":27,"column":0},"end":{"line":27,"column":63}},"27":{"start":{"line":28,"column":0},"end":{"line":28,"column":2}}},"s":{"0":1,"1":1,"2":1,"3":3,"4":3,"5":3,"6":3,"7":3,"8":3,"9":12,"10":6,"11":3,"12":3,"13":3,"14":3,"15":3,"16":6,"17":6,"18":6,"19":3,"20":3,"21":3,"22":9,"23":3,"24":3,"25":3,"26":3,"27":3},"branchMap":{"0":{"type":"branch","line":1,"loc":{"start":{"line":1,"column":23},"end":{"line":1,"column":73}},"locations":[{"start":{"line":1,"column":23},"end":{"line":1,"column":73}}]},"1":{"type":"branch","line":3,"loc":{"start":{"line":3,"column":15},"end":{"line":28,"column":2}},"locations":[{"start":{"line":3,"column":15},"end":{"line":28,"column":2}}]},"2":{"type":"branch","line":9,"loc":{"start":{"line":9,"column":23},"end":{"line":20,"column":3}},"locations":[{"start":{"line":9,"column":23},"end":{"line":20,"column":3}}]},"3":{"type":"branch","line":10,"loc":{"start":{"line":10,"column":37},"end":{"line":19,"column":5}},"locations":[{"start":{"line":10,"column":37},"end":{"line":19,"column":5}}]},"4":{"type":"branch","line":11,"loc":{"start":{"line":11,"column":41},"end":{"line":16,"column":7}},"locations":[{"start":{"line":11,"column":41},"end":{"line":16,"column":7}}]},"5":{"type":"branch","line":22,"loc":{"start":{"line":22,"column":23},"end":{"line":26,"column":3}},"locations":[{"start":{"line":22,"column":23},"end":{"line":26,"column":3}}]},"6":{"type":"branch","line":23,"loc":{"start":{"line":23,"column":38},"end":{"line":25,"column":5}},"locations":[{"start":{"line":23,"column":38},"end":{"line":25,"column":5}}]},"7":{"type":"branch","line":27,"loc":{"start":{"line":27,"column":21},"end":{"line":27,"column":50}},"locations":[{"start":{"line":27,"column":21},"end":{"line":27,"column":50}}]}},"b":{"0":[18],"1":[3],"2":[12],"3":[6],"4":[3],"5":[9],"6":[3],"7":[18]},"fnMap":{"0":{"name":"generateString","decl":{"start":{"line":1,"column":23},"end":{"line":1,"column":73}},"loc":{"start":{"line":1,"column":23},"end":{"line":1,"column":73}},"line":1},"1":{"name":"default","decl":{"start":{"line":3,"column":15},"end":{"line":28,"column":2}},"loc":{"start":{"line":3,"column":15},"end":{"line":28,"column":2}},"line":3}},"f":{"0":18,"1":3}}
,"/Users/krasotun/Documents/develop/frontend-project-46/src/index.js": {"path":"/Users/krasotun/Documents/develop/frontend-project-46/src/index.js","all":false,"statementMap":{"0":{"start":{"line":1,"column":0},"end":{"line":1,"column":20}},"1":{"start":{"line":2,"column":0},"end":{"line":2,"column":24}},"2":{"start":{"line":3,"column":0},"end":{"line":3,"column":31}},"3":{"start":{"line":4,"column":0},"end":{"line":4,"column":37}},"4":{"start":{"line":5,"column":0},"end":{"line":5,"column":0}},"5":{"start":{"line":6,"column":0},"end":{"line":6,"column":66}},"6":{"start":{"line":7,"column":0},"end":{"line":7,"column":72}},"7":{"start":{"line":8,"column":0},"end":{"line":8,"column":78}},"8":{"start":{"line":9,"column":0},"end":{"line":9,"column":58}},"9":{"start":{"line":10,"column":0},"end":{"line":10,"column":0}},"10":{"start":{"line":11,"column":0},"end":{"line":11,"column":42}},"11":{"start":{"line":12,"column":0},"end":{"line":12,"column":38}},"12":{"start":{"line":13,"column":0},"end":{"line":13,"column":39}},"13":{"start":{"line":14,"column":0},"end":{"line":14,"column":32}},"14":{"start":{"line":15,"column":0},"end":{"line":15,"column":45}},"15":{"start":{"line":16,"column":0},"end":{"line":16,"column":0}},"16":{"start":{"line":17,"column":0},"end":{"line":17,"column":38}},"17":{"start":{"line":18,"column":0},"end":{"line":18,"column":39}},"18":{"start":{"line":19,"column":0},"end":{"line":19,"column":32}},"19":{"start":{"line":20,"column":0},"end":{"line":20,"column":45}},"20":{"start":{"line":21,"column":0},"end":{"line":21,"column":0}},"21":{"start":{"line":22,"column":0},"end":{"line":22,"column":44}},"22":{"start":{"line":23,"column":0},"end":{"line":23,"column":2}}},"s":{"0":1,"1":1,"2":1,"3":1,"4":1,"5":1,"6":1,"7":1,"8":1,"9":1,"10":1,"11":3,"12":3,"13":3,"14":3,"15":3,"16":3,"17":3,"18":3,"19":3,"20":3,"21":3,"22":3},"branchMap":{"0":{"type":"branch","line":6,"loc":{"start":{"line":6,"column":21},"end":{"line":6,"column":65}},"locations":[{"start":{"line":6,"column":21},"end":{"line":6,"column":65}}]},"1":{"type":"branch","line":7,"loc":{"start":{"line":7,"column":21},"end":{"line":7,"column":71}},"locations":[{"start":{"line":7,"column":21},"end":{"line":7,"column":71}}]},"2":{"type":"branch","line":8,"loc":{"start":{"line":8,"column":18},"end":{"line":8,"column":77}},"locations":[{"start":{"line":8,"column":18},"end":{"line":8,"column":77}}]},"3":{"type":"branch","line":9,"loc":{"start":{"line":9,"column":18},"end":{"line":9,"column":57}},"locations":[{"start":{"line":9,"column":18},"end":{"line":9,"column":57}}]},"4":{"type":"branch","line":11,"loc":{"start":{"line":11,"column":15},"end":{"line":23,"column":2}},"locations":[{"start":{"line":11,"column":15},"end":{"line":23,"column":2}}]}},"b":{"0":[6],"1":[12],"2":[6],"3":[6],"4":[3]},"fnMap":{"0":{"name":"getFileType","decl":{"start":{"line":6,"column":21},"end":{"line":6,"column":65}},"loc":{"start":{"line":6,"column":21},"end":{"line":6,"column":65}},"line":6},"1":{"name":"getFilePath","decl":{"start":{"line":7,"column":21},"end":{"line":7,"column":71}},"loc":{"start":{"line":7,"column":21},"end":{"line":7,"column":71}},"line":7},"2":{"name":"readFile","decl":{"start":{"line":8,"column":18},"end":{"line":8,"column":77}},"loc":{"start":{"line":8,"column":18},"end":{"line":8,"column":77}},"line":8},"3":{"name":"dataParse","decl":{"start":{"line":9,"column":18},"end":{"line":9,"column":57}},"loc":{"start":{"line":9,"column":18},"end":{"line":9,"column":57}},"line":9},"4":{"name":"default","decl":{"start":{"line":11,"column":15},"end":{"line":23,"column":2}},"loc":{"start":{"line":11,"column":15},"end":{"line":23,"column":2}},"line":11}},"f":{"0":6,"1":12,"2":6,"3":6,"4":3}}
,"/Users/krasotun/Documents/develop/frontend-project-46/src/parse.js": {"path":"/Users/krasotun/Documents/develop/frontend-project-46/src/parse.js","all":false,"statementMap":{"0":{"start":{"line":1,"column":0},"end":{"line":1,"column":24}},"1":{"start":{"line":2,"column":0},"end":{"line":2,"column":0}},"2":{"start":{"line":3,"column":0},"end":{"line":3,"column":35}},"3":{"start":{"line":4,"column":0},"end":{"line":4,"column":16}},"4":{"start":{"line":5,"column":0},"end":{"line":5,"column":16}},"5":{"start":{"line":6,"column":0},"end":{"line":6,"column":34}},"6":{"start":{"line":7,"column":0},"end":{"line":7,"column":16}},"7":{"start":{"line":8,"column":0},"end":{"line":8,"column":34}},"8":{"start":{"line":9,"column":0},"end":{"line":9,"column":15}},"9":{"start":{"line":10,"column":0},"end":{"line":10,"column":34}},"10":{"start":{"line":11,"column":0},"end":{"line":11,"column":12}},"11":{"start":{"line":12,"column":0},"end":{"line":12,"column":48}},"12":{"start":{"line":13,"column":0},"end":{"line":13,"column":3}},"13":{"start":{"line":14,"column":0},"end":{"line":14,"column":2}}},"s":{"0":1,"1":1,"2":1,"3":6,"4":6,"5":2,"6":6,"7":2,"8":6,"9":2,"10":6,"11":0,"12":6,"13":6},"branchMap":{"0":{"type":"branch","line":3,"loc":{"start":{"line":3,"column":15},"end":{"line":14,"column":2}},"locations":[{"start":{"line":3,"column":15},"end":{"line":14,"column":2}}]},"1":{"type":"branch","line":5,"loc":{"start":{"line":5,"column":4},"end":{"line":6,"column":34}},"locations":[{"start":{"line":5,"column":4},"end":{"line":6,"column":34}}]},"2":{"type":"branch","line":7,"loc":{"start":{"line":7,"column":4},"end":{"line":8,"column":34}},"locations":[{"start":{"line":7,"column":4},"end":{"line":8,"column":34}}]},"3":{"type":"branch","line":9,"loc":{"start":{"line":9,"column":4},"end":{"line":10,"column":34}},"locations":[{"start":{"line":9,"column":4},"end":{"line":10,"column":34}}]},"4":{"type":"branch","line":11,"loc":{"start":{"line":11,"column":4},"end":{"line":12,"column":48}},"locations":[{"start":{"line":11,"column":4},"end":{"line":12,"column":48}}]}},"b":{"0":[6],"1":[2],"2":[2],"3":[2],"4":[0]},"fnMap":{"0":{"name":"default","decl":{"start":{"line":3,"column":15},"end":{"line":14,"column":2}},"loc":{"start":{"line":3,"column":15},"end":{"line":14,"column":2}},"line":3}},"f":{"0":6}}
}
