TN:
SF:src/comparer.js
FN:1,generateString
FN:3,default
FNF:2
FNH:2
FNDA:18,generateString
FNDA:3,default
DA:1,1
DA:2,1
DA:3,1
DA:4,3
DA:5,3
DA:6,3
DA:7,3
DA:8,3
DA:9,3
DA:10,12
DA:11,6
DA:12,3
DA:13,3
DA:14,3
DA:15,3
DA:16,3
DA:17,6
DA:18,6
DA:19,6
DA:20,3
DA:21,3
DA:22,3
DA:23,9
DA:24,3
DA:25,3
DA:26,3
DA:27,3
DA:28,3
LF:28
LH:28
BRDA:1,0,0,18
BRDA:3,1,0,3
BRDA:9,2,0,12
BRDA:10,3,0,6
BRDA:11,4,0,3
BRDA:22,5,0,9
BRDA:23,6,0,3
BRDA:27,7,0,18
BRF:8
BRH:8
end_of_record
TN:
SF:src/index.js
FN:6,getFileType
FN:7,getFilePath
FN:8,readFile
FN:9,dataParse
FN:11,default
FNF:5
FNH:5
FNDA:6,getFileType
FNDA:12,getFilePath
FNDA:6,readFile
FNDA:6,dataParse
FNDA:3,default
DA:1,1
DA:2,1
DA:3,1
DA:4,1
DA:5,1
DA:6,1
DA:7,1
DA:8,1
DA:9,1
DA:10,1
DA:11,1
DA:12,3
DA:13,3
DA:14,3
DA:15,3
DA:16,3
DA:17,3
DA:18,3
DA:19,3
DA:20,3
DA:21,3
DA:22,3
DA:23,3
LF:23
LH:23
BRDA:6,0,0,6
BRDA:7,1,0,12
BRDA:8,2,0,6
BRDA:9,3,0,6
BRDA:11,4,0,3
BRF:5
BRH:5
end_of_record
TN:
SF:src/parse.js
FN:3,default
FNF:1
FNH:1
FNDA:6,default
DA:1,1
DA:2,1
DA:3,1
DA:4,6
DA:5,6
DA:6,2
DA:7,6
DA:8,2
DA:9,6
DA:10,2
DA:11,6
DA:12,0
DA:13,6
DA:14,6
LF:14
LH:13
BRDA:3,0,0,6
BRDA:5,1,0,2
BRDA:7,2,0,2
BRDA:9,3,0,2
BRDA:11,4,0,0
BRF:5
BRH:4
end_of_record
