TN:
SF:src/comparer.js
FN:1,generateString
FN:3,default
FNF:2
FNH:2
FNDA:6,generateString
FNDA:1,default
DA:1,1
DA:2,1
DA:3,1
DA:4,1
DA:5,1
DA:6,1
DA:7,1
DA:8,1
DA:9,1
DA:10,4
DA:11,2
DA:12,1
DA:13,1
DA:14,1
DA:15,1
DA:16,1
DA:17,2
DA:18,2
DA:19,2
DA:20,1
DA:21,1
DA:22,1
DA:23,3
DA:24,1
DA:25,1
DA:26,1
DA:27,1
DA:28,1
DA:29,1
DA:30,11
DA:31,6
DA:32,6
DA:33,5
DA:34,5
DA:35,5
DA:36,0
DA:37,0
DA:38,1
DA:39,1
DA:40,1
DA:41,1
LF:41
LH:39
BRDA:1,0,0,6
BRDA:3,1,0,1
BRDA:9,2,0,4
BRDA:10,3,0,2
BRDA:11,4,0,1
BRDA:22,5,0,3
BRDA:23,6,0,1
BRDA:29,7,0,11
BRDA:30,8,0,6
BRDA:32,9,0,5
BRDA:35,10,0,0
BRDA:39,11,0,6
BRF:12
BRH:11
end_of_record
TN:
SF:src/index.js
FN:6,getFileType
FN:7,getFilePath
FN:8,readFile
FN:9,dataParse
FN:11,default
FNF:5
FNH:5
FNDA:2,getFileType
FNDA:4,getFilePath
FNDA:2,readFile
FNDA:2,dataParse
FNDA:1,default
DA:1,1
DA:2,1
DA:3,1
DA:4,1
DA:5,1
DA:6,1
DA:7,1
DA:8,1
DA:9,1
DA:10,1
DA:11,1
DA:12,1
DA:13,1
DA:14,1
DA:15,1
DA:16,1
DA:17,1
DA:18,1
DA:19,1
DA:20,1
DA:21,1
DA:22,1
DA:23,1
LF:23
LH:23
BRDA:6,0,0,2
BRDA:7,1,0,4
BRDA:8,2,0,2
BRDA:9,3,0,2
BRDA:11,4,0,1
BRF:5
BRH:5
end_of_record
TN:
SF:src/parse.js
FN:3,default
FNF:1
FNH:1
FNDA:2,default
DA:1,1
DA:2,1
DA:3,1
DA:4,2
DA:5,2
DA:6,2
DA:7,2
DA:8,0
DA:9,2
DA:10,0
DA:11,2
DA:12,0
DA:13,2
DA:14,2
LF:14
LH:11
BRDA:3,0,0,2
BRDA:7,1,0,0
BRDA:9,2,0,0
BRDA:11,3,0,0
BRF:4
BRH:1
end_of_record
